\BOOKMARK [0][-]{chapter.1}{\376\377\000I\000n\000t\000r\000o\000d\000u\000c\000t\000i\000o\000n}{}% 1
\BOOKMARK [0][-]{chapter.2}{\376\377\000S\000c\000e\000n\000e}{}% 2
\BOOKMARK [1][-]{section.2.1}{\376\377\000L\000i\000g\000h\000t\000\040\000s\000o\000u\000r\000c\000e\000s}{chapter.2}% 3
\BOOKMARK [2][-]{subsection.2.1.1}{\376\377\000P\000l\000a\000n\000e\000\040\000w\000a\000v\000e}{section.2.1}% 4
\BOOKMARK [2][-]{subsection.2.1.2}{\376\377\000P\000l\000a\000n\000e\000\040\000w\000a\000v\000e\000\040\000\050\000m\000c\000\051}{section.2.1}% 5
\BOOKMARK [2][-]{subsection.2.1.3}{\376\377\000G\000a\000u\000s\000s\000i\000a\000n\000\040\000w\000a\000v\000e}{section.2.1}% 6
\BOOKMARK [2][-]{subsection.2.1.4}{\376\377\000G\000a\000u\000s\000s\000i\000a\000n\000\040\000w\000a\000v\000e\000\040\000\050\000m\000c\000\051}{section.2.1}% 7
\BOOKMARK [2][-]{subsection.2.1.5}{\376\377\000R\000i\000n\000g\000\040\000s\000h\000a\000p\000e\000d\000\040\000l\000i\000g\000h\000t\000\040\000s\000o\000u\000r\000c\000e}{section.2.1}% 8
\BOOKMARK [2][-]{subsection.2.1.6}{\376\377\000R\000i\000n\000g\000\040\000s\000h\000a\000p\000e\000d\000\040\000l\000i\000g\000h\000t\000\040\000s\000o\000u\000r\000c\000e\000\040\000\050\000m\000c\000\051}{section.2.1}% 9
\BOOKMARK [2][-]{subsection.2.1.7}{\376\377\000G\000a\000u\000s\000s\000i\000a\000n\000\040\000r\000i\000n\000g\000\040\000s\000h\000a\000p\000e\000d\000\040\000l\000i\000g\000h\000t\000\040\000s\000o\000u\000r\000c\000e\000\040\000\050\000m\000c\000\051}{section.2.1}% 10
\BOOKMARK [2][-]{subsection.2.1.8}{\376\377\000L\000i\000n\000e\000\040\000s\000h\000a\000p\000e\000d\000\040\000l\000i\000g\000h\000t\000\040\000s\000o\000u\000r\000c\000e}{section.2.1}% 11
\BOOKMARK [1][-]{section.2.2}{\376\377\000O\000b\000j\000e\000c\000t\000s}{chapter.2}% 12
\BOOKMARK [2][-]{subsection.2.2.1}{\376\377\000E\000l\000l\000i\000p\000s\000o\000i\000d}{section.2.2}% 13
\BOOKMARK [2][-]{subsection.2.2.2}{\376\377\000B\000o\000x}{section.2.2}% 14
\BOOKMARK [2][-]{subsection.2.2.3}{\376\377\000C\000y\000l\000i\000n\000d\000e\000r}{section.2.2}% 15
\BOOKMARK [2][-]{subsection.2.2.4}{\376\377\000S\000u\000r\000f\000a\000c\000e}{section.2.2}% 16
\BOOKMARK [2][-]{subsection.2.2.5}{\376\377\000S\000p\000h\000e\000r\000i\000c\000\040\000l\000e\000n\000s}{section.2.2}% 17
\BOOKMARK [2][-]{subsection.2.2.6}{\376\377\000V\000o\000r\000t\000e\000x\000\040\000p\000h\000a\000s\000e\000\040\000p\000l\000a\000t\000e}{section.2.2}% 18
\BOOKMARK [1][-]{section.2.3}{\376\377\000D\000e\000t\000e\000c\000t\000o\000r\000s}{chapter.2}% 19
\BOOKMARK [2][-]{subsection.2.3.1}{\376\377\000P\000l\000a\000n\000e\000\040\000d\000e\000t\000e\000c\000t\000o\000r}{section.2.3}% 20
\BOOKMARK [0][-]{chapter.3}{\376\377\000C\000a\000l\000c\000u\000l\000a\000t\000i\000o\000n\000s}{}% 21
\BOOKMARK [1][-]{section.3.1}{\376\377\000C\000a\000l\000c\000u\000l\000a\000t\000i\000o\000n\000\040\000w\000i\000t\000h\000\040\000d\000e\000t\000e\000c\000t\000o\000r\000s\000\040\000o\000n\000l\000y}{chapter.3}% 22
\BOOKMARK [1][-]{section.3.2}{\376\377\000C\000a\000l\000c\000u\000l\000a\000t\000i\000o\000n\000\040\000o\000f\000\040\000t\000h\000e\000\040\000r\000a\000y\000\040\000p\000a\000t\000h\000s}{chapter.3}% 23
\BOOKMARK [1][-]{section.3.3}{\376\377\000C\000a\000l\000c\000u\000l\000a\000t\000i\000o\000n\000s\000\040\000w\000i\000t\000h\000\040\000p\000u\000l\000s\000e\000d\000\040\000l\000a\000s\000e\000r\000\040\000s\000o\000u\000r\000c\000e\000s}{chapter.3}% 24
